<?xml version="1.0" encoding="UTF-8"?>
<testsuite name="com.demo.oauthclient.OauthClientApplicationTests" tests="1" skipped="0" failures="0" errors="0" timestamp="2020-11-19T15:10:40" hostname="DESKTOP-4G8SFC7" time="0.215">
  <properties/>
  <testcase name="contextLoads()" classname="com.demo.oauthclient.OauthClientApplicationTests" time="0.215"/>
  <system-out><![CDATA[00:10:38.141 [Test worker] DEBUG org.springframework.test.context.BootstrapUtils - Instantiating CacheAwareContextLoaderDelegate from class [org.springframework.test.context.cache.DefaultCacheAwareContextLoaderDelegate]
00:10:38.159 [Test worker] DEBUG org.springframework.test.context.BootstrapUtils - Instantiating BootstrapContext using constructor [public org.springframework.test.context.support.DefaultBootstrapContext(java.lang.Class,org.springframework.test.context.CacheAwareContextLoaderDelegate)]
00:10:38.193 [Test worker] DEBUG org.springframework.test.context.BootstrapUtils - Instantiating TestContextBootstrapper for test class [com.demo.oauthclient.OauthClientApplicationTests] from class [org.springframework.boot.test.context.SpringBootTestContextBootstrapper]
00:10:38.205 [Test worker] INFO org.springframework.boot.test.context.SpringBootTestContextBootstrapper - Neither @ContextConfiguration nor @ContextHierarchy found for test class [com.demo.oauthclient.OauthClientApplicationTests], using SpringBootContextLoader
00:10:38.209 [Test worker] DEBUG org.springframework.test.context.support.AbstractContextLoader - Did not detect default resource location for test class [com.demo.oauthclient.OauthClientApplicationTests]: class path resource [com/demo/oauthclient/OauthClientApplicationTests-context.xml] does not exist
00:10:38.210 [Test worker] DEBUG org.springframework.test.context.support.AbstractContextLoader - Did not detect default resource location for test class [com.demo.oauthclient.OauthClientApplicationTests]: class path resource [com/demo/oauthclient/OauthClientApplicationTestsContext.groovy] does not exist
00:10:38.210 [Test worker] INFO org.springframework.test.context.support.AbstractContextLoader - Could not detect default resource locations for test class [com.demo.oauthclient.OauthClientApplicationTests]: no resource found for suffixes {-context.xml, Context.groovy}.
00:10:38.211 [Test worker] INFO org.springframework.test.context.support.AnnotationConfigContextLoaderUtils - Could not detect default configuration classes for test class [com.demo.oauthclient.OauthClientApplicationTests]: OauthClientApplicationTests does not declare any static, non-private, non-final, nested classes annotated with @Configuration.
00:10:38.255 [Test worker] DEBUG org.springframework.test.context.support.ActiveProfilesUtils - Could not find an 'annotation declaring class' for annotation type [org.springframework.test.context.ActiveProfiles] and class [com.demo.oauthclient.OauthClientApplicationTests]
00:10:38.323 [Test worker] DEBUG org.springframework.context.annotation.ClassPathScanningCandidateComponentProvider - Identified candidate component class: file [F:\Repo\oauth-client\build\classes\java\main\com\demo\oauthclient\OauthClientApplication.class]
00:10:38.325 [Test worker] INFO org.springframework.boot.test.context.SpringBootTestContextBootstrapper - Found @SpringBootConfiguration com.demo.oauthclient.OauthClientApplication for test class com.demo.oauthclient.OauthClientApplicationTests
00:10:38.428 [Test worker] DEBUG org.springframework.boot.test.context.SpringBootTestContextBootstrapper - @TestExecutionListeners is not present for class [com.demo.oauthclient.OauthClientApplicationTests]: using defaults.
00:10:38.428 [Test worker] INFO org.springframework.boot.test.context.SpringBootTestContextBootstrapper - Loaded default TestExecutionListener class names from location [META-INF/spring.factories]: [org.springframework.boot.test.autoconfigure.restdocs.RestDocsTestExecutionListener, org.springframework.boot.test.autoconfigure.web.client.MockRestServiceServerResetTestExecutionListener, org.springframework.boot.test.autoconfigure.web.servlet.MockMvcPrintOnlyOnFailureTestExecutionListener, org.springframework.boot.test.autoconfigure.web.servlet.WebDriverTestExecutionListener, org.springframework.boot.test.autoconfigure.webservices.client.MockWebServiceServerTestExecutionListener, org.springframework.boot.test.mock.mockito.MockitoTestExecutionListener, org.springframework.boot.test.mock.mockito.ResetMocksTestExecutionListener, org.springframework.test.context.web.ServletTestExecutionListener, org.springframework.test.context.support.DirtiesContextBeforeModesTestExecutionListener, org.springframework.test.context.support.DependencyInjectionTestExecutionListener, org.springframework.test.context.support.DirtiesContextTestExecutionListener, org.springframework.test.context.transaction.TransactionalTestExecutionListener, org.springframework.test.context.jdbc.SqlScriptsTestExecutionListener, org.springframework.test.context.event.EventPublishingTestExecutionListener]
00:10:38.440 [Test worker] DEBUG org.springframework.boot.test.context.SpringBootTestContextBootstrapper - Skipping candidate TestExecutionListener [org.springframework.test.context.transaction.TransactionalTestExecutionListener] due to a missing dependency. Specify custom listener classes or make the default listener classes and their required dependencies available. Offending class: [org/springframework/transaction/interceptor/TransactionAttributeSource]
00:10:38.441 [Test worker] DEBUG org.springframework.boot.test.context.SpringBootTestContextBootstrapper - Skipping candidate TestExecutionListener [org.springframework.test.context.jdbc.SqlScriptsTestExecutionListener] due to a missing dependency. Specify custom listener classes or make the default listener classes and their required dependencies available. Offending class: [org/springframework/transaction/interceptor/TransactionAttribute]
00:10:38.441 [Test worker] INFO org.springframework.boot.test.context.SpringBootTestContextBootstrapper - Using TestExecutionListeners: [org.springframework.test.context.web.ServletTestExecutionListener@64b0c01d, org.springframework.test.context.support.DirtiesContextBeforeModesTestExecutionListener@2268143, org.springframework.boot.test.mock.mockito.MockitoTestExecutionListener@355bc579, org.springframework.boot.test.autoconfigure.SpringBootDependencyInjectionTestExecutionListener@60f3ce31, org.springframework.test.context.support.DirtiesContextTestExecutionListener@2a14a1a, org.springframework.test.context.event.EventPublishingTestExecutionListener@343bff94, org.springframework.boot.test.autoconfigure.restdocs.RestDocsTestExecutionListener@5f209467, org.springframework.boot.test.autoconfigure.web.client.MockRestServiceServerResetTestExecutionListener@21dc4bf4, org.springframework.boot.test.autoconfigure.web.servlet.MockMvcPrintOnlyOnFailureTestExecutionListener@2925344f, org.springframework.boot.test.autoconfigure.web.servlet.WebDriverTestExecutionListener@4289b9a0, org.springframework.boot.test.autoconfigure.webservices.client.MockWebServiceServerTestExecutionListener@19d18e3a, org.springframework.boot.test.mock.mockito.ResetMocksTestExecutionListener@5a11e51f]
00:10:38.445 [Test worker] DEBUG org.springframework.test.context.support.AbstractDirtiesContextTestExecutionListener - Before test class: context [DefaultTestContext@72f32dda testClass = OauthClientApplicationTests, testInstance = [null], testMethod = [null], testException = [null], mergedContextConfiguration = [WebMergedContextConfiguration@5edfb75f testClass = OauthClientApplicationTests, locations = '{}', classes = '{class com.demo.oauthclient.OauthClientApplication}', contextInitializerClasses = '[]', activeProfiles = '{}', propertySourceLocations = '{}', propertySourceProperties = '{org.springframework.boot.test.context.SpringBootTestContextBootstrapper=true}', contextCustomizers = set[org.springframework.boot.test.autoconfigure.actuate.metrics.MetricsExportContextCustomizerFactory$DisableMetricExportContextCustomizer@265a2c51, org.springframework.boot.test.autoconfigure.properties.PropertyMappingContextCustomizer@0, org.springframework.boot.test.autoconfigure.web.servlet.WebDriverContextCustomizerFactory$Customizer@5121d8c0, org.springframework.boot.test.context.filter.ExcludeFilterContextCustomizer@565a631f, org.springframework.boot.test.json.DuplicateJsonObjectContextCustomizerFactory$DuplicateJsonObjectContextCustomizer@7c7598c9, org.springframework.boot.test.mock.mockito.MockitoContextCustomizer@0, org.springframework.boot.test.web.client.TestRestTemplateContextCustomizer@345bb489, org.springframework.boot.test.web.reactive.server.WebTestClientContextCustomizer@27d2939c, org.springframework.boot.test.context.SpringBootTestArgs@1, org.springframework.boot.test.context.SpringBootTestWebEnvironment@66d5037d], resourceBasePath = 'src/main/webapp', contextLoader = 'org.springframework.boot.test.context.SpringBootContextLoader', parent = [null]], attributes = map['org.springframework.test.context.web.ServletTestExecutionListener.activateListener' -> true]], class annotated with @DirtiesContext [false] with mode [null].
00:10:38.474 [Test worker] DEBUG org.springframework.test.context.support.TestPropertySourceUtils - Adding inlined properties to environment: {spring.jmx.enabled=false, org.springframework.boot.test.context.SpringBootTestContextBootstrapper=true}

  .   ____          _            __ _ _
 /\\ / ___'_ __ _ _(_)_ __  __ _ \ \ \ \
( ( )\___ | '_ | '_| | '_ \/ _` | \ \ \ \
 \\/  ___)| |_)| | | | | || (_| |  ) ) ) )
  '  |____| .__|_| |_|_| |_\__, | / / / /
 =========|_|==============|___/=/_/_/_/
 :: Spring Boot ::                (v2.4.0)

2020-11-20 00:10:38.707  INFO 15380 --- [    Test worker] c.d.o.OauthClientApplicationTests        : Starting OauthClientApplicationTests using Java 1.8.0_231 on DESKTOP-4G8SFC7 with PID 15380 (started by nccho in F:\Repo\oauth-client)
2020-11-20 00:10:38.710  INFO 15380 --- [    Test worker] c.d.o.OauthClientApplicationTests        : No active profile set, falling back to default profiles: default
2020-11-20 00:10:39.741  INFO 15380 --- [    Test worker] o.s.s.concurrent.ThreadPoolTaskExecutor  : Initializing ExecutorService 'applicationTaskExecutor'
2020-11-20 00:10:39.839  INFO 15380 --- [    Test worker] o.s.b.a.w.s.WelcomePageHandlerMapping    : Adding welcome page template: index
2020-11-20 00:10:40.070  INFO 15380 --- [    Test worker] c.d.o.OauthClientApplicationTests        : Started OauthClientApplicationTests in 1.59 seconds (JVM running for 2.908)
]]></system-out>
  <system-err><![CDATA[]]></system-err>
</testsuite>
